This is pdfTeX, Version 3.14159265-2.6-1.40.16 (TeX Live 2015/W32TeX) (preloaded format=pdflatex 2015.12.22)  16 JAN 2016 21:43
entering extended mode
 restricted \write18 enabled.
 %&-line parsing enabled.
**./chapter5.tex
(./chapter5.tex
LaTeX2e <2015/10/01> patch level 2
Babel <3.9m> and hyphenation patterns for 79 languages loaded.
! Undefined control sequence.
l.1 \chapter
            {å½“ç ”ç©¶ã®å±•æœ›}
The control sequence at the end of the top line
of your error message was never \def'ed. If you have
misspelled it (e.g., `\hobx'), type `I' and the correct
spelling (e.g., `I\hbox'). Otherwise just continue,
and I'll forget about whatever was undefined.


! LaTeX Error: Missing \begin{document}.

See the LaTeX manual or LaTeX Companion for explanation.
Type  H <return>  for immediate help.
 ...                                              
                                                  
l.1 \chapter{å
              ½“ç ”ç©¶ã®å±•æœ›}
You're in trouble here.  Try typing  <return>  to proceed.
If that doesn't work, type  X <return>  to quit.

Missing character: There is no å in font nullfont!
Missing character: There is no ½ in font nullfont!
Missing character: There is no “ in font nullfont!
Missing character: There is no ç in font nullfont!
Missing character: There is no   in font nullfont!
Missing character: There is no ” in font nullfont!
Missing character: There is no ç in font nullfont!
Missing character: There is no © in font nullfont!
Missing character: There is no ¶ in font nullfont!
Missing character: There is no ã in font nullfont!
Missing character: There is no  in font nullfont!
Missing character: There is no ® in font nullfont!
Missing character: There is no å in font nullfont!
Missing character: There is no ± in font nullfont!
Missing character: There is no • in font nullfont!
Missing character: There is no æ in font nullfont!
Missing character: There is no œ in font nullfont!
Missing character: There is no › in font nullfont!

Overfull \hbox (20.0pt too wide) in paragraph at lines 1--3
[]
 []

! Undefined control sequence.
l.4 \section
            {ä»Šå¾Œã®å±•æœ›}
The control sequence at the end of the top line
of your error message was never \def'ed. If you have
misspelled it (e.g., `\hobx'), type `I' and the correct
spelling (e.g., `I\hbox'). Otherwise just continue,
and I'll forget about whatever was undefined.


! LaTeX Error: Missing \begin{document}.

See the LaTeX manual or LaTeX Companion for explanation.
Type  H <return>  for immediate help.
 ...                                              
                                                  
l.4 \section{ä
              »Šå¾Œã®å±•æœ›}
You're in trouble here.  Try typing  <return>  to proceed.
If that doesn't work, type  X <return>  to quit.

Missing character: There is no ä in font nullfont!
Missing character: There is no » in font nullfont!
Missing character: There is no Š in font nullfont!
Missing character: There is no å in font nullfont!
Missing character: There is no ¾ in font nullfont!
Missing character: There is no Œ in font nullfont!
Missing character: There is no ã in font nullfont!
Missing character: There is no  in font nullfont!
Missing character: There is no ® in font nullfont!
Missing character: There is no å in font nullfont!
Missing character: There is no ± in font nullfont!
Missing character: There is no • in font nullfont!
Missing character: There is no æ in font nullfont!
Missing character: There is no œ in font nullfont!
Missing character: There is no › in font nullfont!
)
! Emergency stop.
<*> ./chapter5.tex
                  
*** (job aborted, no legal \end found)

 
Here is how much of TeX's memory you used:
 5 strings out of 493054
 140 string characters out of 6138326
 53374 words of memory out of 5000000
 3628 multiletter control sequences out of 15000+600000
 3640 words of font info for 14 fonts, out of 8000000 for 9000
 1141 hyphenation exceptions out of 8191
 5i,0n,4p,45b,16s stack positions out of 5000i,500n,10000p,200000b,80000s
!  ==> Fatal error occurred, no output PDF file produced!
