This is e-pTeX, Version 3.14159265-p3.6-141210-2.6 (utf8.sjis) (TeX Live 2015/W32TeX) (preloaded format=platex 2015.12.22)  11 FEB 2016 03:18
entering extended mode
 restricted \write18 enabled.
 %&-line parsing enabled.
**./main.tex
(./main.tex
pLaTeX2e <2006/11/10> (based on LaTeX2e <2015/10/01> patch level 2)
Babel <3.9m> and hyphenation patterns for 79 languages loaded.
(c:/texlive/2015/texmf-dist/tex/platex/base/jreport.cls
Document Class: jreport 2006/06/27 v1.6 Standard pLaTeX class
\c@@paper=\count81
(c:/texlive/2015/texmf-dist/tex/platex/base/jsize12.clo
File: jsize12.clo 2006/06/27 v1.6 Standard pLaTeX file (size option)
)
\c@part=\count82
\c@chapter=\count83
\c@section=\count84
\c@subsection=\count85
\c@subsubsection=\count86
\c@paragraph=\count87
\c@subparagraph=\count88
\c@figure=\count89
\c@table=\count90
\abovecaptionskip=\skip41
\belowcaptionskip=\skip42
\symmincho=\mathgroup4
LaTeX Font Info:    Overwriting symbol font `mincho' in version `bold'
(Font)                  JY1/mc/m/n --> JY1/gt/m/n on input line 677.
\toclineskip=\dimen118
\@lnumwidth=\dimen119
\bibindent=\dimen120
\heisei=\count91
)
(c:/texlive/2015/texmf-dist/tex/latex/graphics/graphicx.sty
Package: graphicx 2014/10/28 v1.0g Enhanced LaTeX Graphics (DPC,SPQR)

(c:/texlive/2015/texmf-dist/tex/latex/graphics/keyval.sty
Package: keyval 2014/10/28 v1.15 key=value parser (DPC)
\KV@toks@=\toks15
)
(c:/texlive/2015/texmf-dist/tex/latex/graphics/graphics.sty
Package: graphics 2014/10/28 v1.0p Standard LaTeX Graphics (DPC,SPQR)

(c:/texlive/2015/texmf-dist/tex/latex/graphics/trig.sty
Package: trig 1999/03/16 v1.09 sin cos tan (DPC)
)
(c:/texlive/2015/texmf-dist/tex/latex/latexconfig/graphics.cfg
File: graphics.cfg 2010/04/23 v1.9 graphics configuration of TeX Live
)
Package graphics Info: Driver file: dvipdfmx.def on input line 94.

(c:/texlive/2015/texmf-dist/tex/latex/dvipdfmx-def/dvipdfmx.def
File: dvipdfmx.def 2015/11/04 v4.07 LaTeX color/graphics driver for dvipdfmx (T
eX Live/ChoF)

(c:/texlive/2015/texmf-dist/tex/generic/oberdiek/infwarerr.sty
Package: infwarerr 2010/04/08 v1.3 Providing info/warning/error messages (HO)
)
(c:/texlive/2015/texmf-dist/tex/generic/oberdiek/ltxcmds.sty
Package: ltxcmds 2011/11/09 v1.22 LaTeX kernel commands for general use (HO)
)))
\Gin@req@height=\dimen121
\Gin@req@width=\dimen122
)
(./mythesis.sty) (c:/texlive/2015/texmf-dist/tex/latex/here/here.sty)
(c:/texlive/2015/texmf-dist/tex/latex/float/float.sty
Package: float 2001/11/08 v1.3d Float enhancements (AL)
\c@float@type=\count92
\float@exts=\toks16
\float@box=\box41
\@float@everytoks=\toks17
\@floatcapt=\box42
)
(c:/texlive/2015/texmf-dist/tex/latex/url/url.sty
\Urlmuskip=\muskip10
Package: url 2013/09/16  ver 3.4  Verb mode for urls, etc.
)
(c:/texlive/2015/texmf-dist/tex/latex/comment/comment.sty
\CommentStream=\write3

Excluding comment 'comment') (./main.aux)
\openout1 = `main.aux'.

LaTeX Font Info:    Checking defaults for OML/cmm/m/it on input line 24.
LaTeX Font Info:    ... okay on input line 24.
LaTeX Font Info:    Checking defaults for T1/cmr/m/n on input line 24.
LaTeX Font Info:    ... okay on input line 24.
LaTeX Font Info:    Checking defaults for OT1/cmr/m/n on input line 24.
LaTeX Font Info:    ... okay on input line 24.
LaTeX Font Info:    Checking defaults for OMS/cmsy/m/n on input line 24.
LaTeX Font Info:    ... okay on input line 24.
LaTeX Font Info:    Checking defaults for OMX/cmex/m/n on input line 24.
LaTeX Font Info:    ... okay on input line 24.
LaTeX Font Info:    Checking defaults for U/cmr/m/n on input line 24.
LaTeX Font Info:    ... okay on input line 24.
LaTeX Font Info:    Checking defaults for JY1/mc/m/n on input line 24.
LaTeX Font Info:    ... okay on input line 24.
LaTeX Font Info:    Checking defaults for JT1/mc/m/n on input line 24.
LaTeX Font Info:    ... okay on input line 24.
File: fig/ryukyu.pdf Graphic file (type pdf)
 <fig/ryukyu.pdf> [0

]
LaTeX Font Info:    Font shape `JT1/mc/bx/n' in size <24.88> not available
(Font)              Font shape `JT1/gt/m/n' tried instead on input line 32.
LaTeX Font Info:    Font shape `JY1/mc/bx/n' in size <24.88> not available
(Font)              Font shape `JY1/gt/m/n' tried instead on input line 32.
 (./main.toc
LaTeX Font Info:    Font shape `JT1/mc/bx/n' in size <12> not available
(Font)              Font shape `JT1/gt/m/n' tried instead on input line 1.
LaTeX Font Info:    Font shape `JY1/mc/bx/n' in size <12> not available
(Font)              Font shape `JY1/gt/m/n' tried instead on input line 1.
LaTeX Font Info:    External font `cmex10' loaded for size
(Font)              <12> on input line 2.
LaTeX Font Info:    External font `cmex10' loaded for size
(Font)              <8> on input line 2.
LaTeX Font Info:    External font `cmex10' loaded for size
(Font)              <6> on input line 2.

[1

])
\tf@toc=\write4
\openout4 = `main.toc'.

 [2] (./main.lof)
\tf@lof=\write5
\openout5 = `main.lof'.

 [3

] (./main.lot)
\tf@lot=\write6
\openout6 = `main.lot'.

 (./chapter1.tex [4

]
第 1 章
LaTeX Font Info:    Font shape `JT1/mc/bx/n' in size <17.28> not available
(Font)              Font shape `JT1/gt/m/n' tried instead on input line 5.
LaTeX Font Info:    Font shape `JY1/mc/bx/n' in size <17.28> not available
(Font)              Font shape `JY1/gt/m/n' tried instead on input line 5.
File: fig/n4301010.png Graphic file (type bmp)
<fig/n4301010.png>
Overfull \hbox (28.45276pt too wide) in paragraph at lines 12--13
 [] 
 []

[1

]
LaTeX Font Info:    Font shape `JT1/mc/bx/n' in size <14.4> not available
(Font)              Font shape `JT1/gt/m/n' tried instead on input line 59.
LaTeX Font Info:    Font shape `JY1/mc/bx/n' in size <14.4> not available
(Font)              Font shape `JY1/gt/m/n' tried instead on input line 59.

Underfull \hbox (badness 4120) in paragraph at lines 87--87
[]\OT1/cmr/m/n/12 iPhone 5/5C/5S/6/6 Plus, iPad/Air 2/Mini/Mini
 []


Underfull \hbox (badness 4120) in paragraph at lines 88--88
[]\OT1/cmr/m/n/12 iPhone 5/5C/5S/6/6 Plus, iPad/Air 2/Mini/Mini
 []


Underfull \hbox (badness 4120) in paragraph at lines 89--89
[]\OT1/cmr/m/n/12 iPhone 5/5C/5S/6/6 Plus, iPad/Air 2/Mini/Mini
 []


Underfull \hbox (badness 3364) in paragraph at lines 90--90
[]\OT1/cmr/m/n/12 iPhone 5/5C/5S/6/6 Plus, iPod touch, iPad/Air
 []


Overfull \hbox (8.48726pt too wide) in paragraph at lines 66--95
 [] 
 []

[2] [3] Excluding 'comment' comment.
LaTeX Font Info:    Try loading font information for OMS+cmr on input line 247.


(c:/texlive/2015/texmf-dist/tex/latex/base/omscmr.fd
File: omscmr.fd 2014/09/29 v2.5h Standard LaTeX font definitions
)
LaTeX Font Info:    Font shape `OMS/cmr/m/n' in size <12> not available
(Font)              Font shape `OMS/cmsy/m/n' tried instead on input line 247.
) (./chapter2.tex [4]
[5] [6] [7]
第 2 章
LaTeX Font Info:    External font `cmex10' loaded for size
(Font)              <7> on input line 7.
LaTeX Font Info:    External font `cmex10' loaded for size
(Font)              <5> on input line 7.

Overfull \hbox (23.62714pt too wide) in paragraph at lines 6--9
[]\OT1/cmr/m/n/12 Objective-C \JY1/mc/m/n/12 とは\OT1/cmr/m/n/12 , C \JY1/mc/m/
n/12 言語をベ ースとして開発されたプログラミング言語である\OT1/cmr/m/n/12 . NEX
TSTEP[]
 []

[8

]
Overfull \hbox (15.87881pt too wide) in paragraph at lines 62--84
 [] 
 []

[9] [10] [11] [12] [13]
File: fig/mvc.png Graphic file (type bmp)
 <fig/mvc.png> [14]
File: fig/model.png Graphic file (type bmp)
 <fig/model.png>
File: fig/view.png Graphic file (type bmp)
 <fig/view.png>
[15] [16]
File: fig/route.png Graphic file (type bmp)
 <fig/route.png>
File: fig/controller.png Graphic file (type bmp)
 <fig/controller.png> [17] [18] [19]
File: fig/paas.png Graphic file (type bmp)
 <fig/paas.png>
[20] [21]) (./chapter3.tex [22]
第 3 章
File: fig/usecase_ios.png Graphic file (type bmp)
<fig/usecase_ios.png>
File: fig/class_ios.png Graphic file (type bmp)
 <fig/class_ios.png>
Overfull \hbox (28.45276pt too wide) in paragraph at lines 48--49
 [] 
 []

[23

] [24] [25] [26] [27] [28] [29] [30]
File: fig/usecase_web.png Graphic file (type bmp)
 <fig/usecase_web.png>
File: fig/class_web.png Graphic file (type bmp)

<fig/class_web.png> [31] [32]) (./chapter4.tex [33]
第 4 章
[34

]) (./chapter5.tex [35]
第 5 章
) (./bibliography.tex [36

] [37

]
Underfull \hbox (badness 10000) in paragraph at lines 78--80
[]$\OT1/cmtt/m/n/12 http : / / marketshare . hitslink . com / operating-[]syste
m-[]market-[]share . aspx ?
 []

) (./thanks.tex [38]) [39

] (./main.aux) ) 
Here is how much of TeX's memory you used:
 1144 strings out of 493742
 14604 string characters out of 6154160
 91539 words of memory out of 5000000
 4650 multiletter control sequences out of 15000+600000
 16071 words of font info for 63 fonts, out of 8000000 for 9000
 929 hyphenation exceptions out of 8191
 27i,9n,21p,348b,436s stack positions out of 5000i,500n,10000p,200000b,80000s

Output written on main.dvi (44 pages, 125584 bytes).
